# JRE version: OpenJDK Runtime Environment (7.0_65-b32) (build 1.7.0_65-b32)
# Java VM: OpenJDK Server VM (24.65-b04 mixed mode linux-x86 )
Heap
 PSYoungGen      total 35584K, used 4860K [0x9f240000, 0xa19c0000, 0xb3240000)
  eden space 30720K, 0% used [0x9f240000,0x9f240000,0xa1040000)
  from space 4864K, 99% used [0xa1040000,0xa14ff280,0xa1500000)
  to   space 4864K, 0% used [0xa1500000,0xa1500000,0xa19c0000)
 ParOldGen       total 40960K, used 8323K [0x77240000, 0x79a40000, 0x9f240000)
  object space 40960K, 20% used [0x77240000,0x77a60c58,0x79a40000)
 PSPermGen       total 16384K, used 11894K [0x6f240000, 0x70240000, 0x77240000)
  object space 16384K, 72% used [0x6f240000,0x6fddd988,0x70240000)
GC Heap History (10 events):
Event: 4.006 GC heap after
Heap after GC invocations=2 (full 0):
 PSYoungGen      total 17920K, used 2555K [0x9f240000, 0xa0640000, 0xb3240000)
  eden space 15360K, 0% used [0x9f240000,0x9f240000,0xa0140000)
  from space 2560K, 99% used [0xa03c0000,0xa063ec50,0xa0640000)
  to   space 2560K, 0% used [0xa0140000,0xa0140000,0xa03c0000)
 ParOldGen       total 40960K, used 2388K [0x77240000, 0x79a40000, 0x9f240000)
  object space 40960K, 5% used [0x77240000,0x774953b8,0x79a40000)
 PSPermGen       total 16384K, used 6774K [0x6f240000, 0x70240000, 0x77240000)
  object space 16384K, 41% used [0x6f240000,0x6f8ddbf0,0x70240000)
}
Event: 4.771 GC heap before
{Heap before GC invocations=3 (full 0):
 PSYoungGen      total 17920K, used 17915K [0x9f240000, 0xa0640000, 0xb3240000)
  eden space 15360K, 100% used [0x9f240000,0xa0140000,0xa0140000)
  from space 2560K, 99% used [0xa03c0000,0xa063ec50,0xa0640000)
  to   space 2560K, 0% used [0xa0140000,0xa0140000,0xa03c0000)
 ParOldGen       total 40960K, used 2388K [0x77240000, 0x79a40000, 0x9f240000)
  object space 40960K, 5% used [0x77240000,0x774953b8,0x79a40000)
 PSPermGen       total 16384K, used 7230K [0x6f240000, 0x70240000, 0x77240000)
  object space 16384K, 44% used [0x6f240000,0x6f94fa60,0x70240000)
Event: 4.777 GC heap after
Heap after GC invocations=3 (full 0):
 PSYoungGen      total 17920K, used 2546K [0x9f240000, 0xa0640000, 0xb3240000)
  eden space 15360K, 0% used [0x9f240000,0x9f240000,0xa0140000)
  from space 2560K, 99% used [0xa0140000,0xa03bc880,0xa03c0000)
  to   space 2560K, 0% used [0xa03c0000,0xa03c0000,0xa0640000)
 ParOldGen       total 40960K, used 2704K [0x77240000, 0x79a40000, 0x9f240000)
  object space 40960K, 6% used [0x77240000,0x774e4010,0x79a40000)
 PSPermGen       total 16384K, used 7230K [0x6f240000, 0x70240000, 0x77240000)
  object space 16384K, 44% used [0x6f240000,0x6f94fa60,0x70240000)
}
Event: 5.100 GC heap before
{Heap before GC invocations=4 (full 0):
 PSYoungGen      total 17920K, used 17891K [0x9f240000, 0xa0640000, 0xb3240000)
  eden space 15360K, 99% used [0x9f240000,0xa013c3e0,0xa0140000)
  from space 2560K, 99% used [0xa0140000,0xa03bc880,0xa03c0000)
  to   space 2560K, 0% used [0xa03c0000,0xa03c0000,0xa0640000)
 ParOldGen       total 40960K, used 2704K [0x77240000, 0x79a40000, 0x9f240000)
  object space 40960K, 6% used [0x77240000,0x774e4010,0x79a40000)
 PSPermGen       total 16384K, used 8042K [0x6f240000, 0x70240000, 0x77240000)
  object space 16384K, 49% used [0x6f240000,0x6fa1a8b8,0x70240000)
Event: 5.128 GC heap after
Heap after GC invocations=4 (full 0):
 PSYoungGen      total 17920K, used 2548K [0x9f240000, 0xa1540000, 0xb3240000)
  eden space 15360K, 0% used [0x9f240000,0x9f240000,0xa0140000)
  from space 2560K, 99% used [0xa03c0000,0xa063d2b0,0xa0640000)
  to   space 2560K, 0% used [0xa0140000,0xa0140000,0xa03c0000)
 ParOldGen       total 40960K, used 4244K [0x77240000, 0x79a40000, 0x9f240000)
  object space 40960K, 10% used [0x77240000,0x776652f8,0x79a40000)
 PSPermGen       total 16384K, used 8042K [0x6f240000, 0x70240000, 0x77240000)
  object space 16384K, 49% used [0x6f240000,0x6fa1a8b8,0x70240000)
}
Event: 7.579 GC heap before
{Heap before GC invocations=5 (full 0):
 PSYoungGen      total 17920K, used 17908K [0x9f240000, 0xa1540000, 0xb3240000)
  eden space 15360K, 100% used [0x9f240000,0xa0140000,0xa0140000)
  from space 2560K, 99% used [0xa03c0000,0xa063d2b0,0xa0640000)
  to   space 2560K, 0% used [0xa0140000,0xa0140000,0xa03c0000)
 ParOldGen       total 40960K, used 4244K [0x77240000, 0x79a40000, 0x9f240000)
  object space 40960K, 10% used [0x77240000,0x776652f8,0x79a40000)
 PSPermGen       total 16384K, used 8686K [0x6f240000, 0x70240000, 0x77240000)
  object space 16384K, 53% used [0x6f240000,0x6fabba98,0x70240000)
Event: 7.586 GC heap after
Heap after GC invocations=5 (full 0):
 PSYoungGen      total 17920K, used 2551K [0x9f240000, 0xa19c0000, 0xb3240000)
  eden space 15360K, 0% used [0x9f240000,0x9f240000,0xa0140000)
  from space 2560K, 99% used [0xa0140000,0xa03bde18,0xa03c0000)
  to   space 4864K, 0% used [0xa1500000,0xa1500000,0xa19c0000)
 ParOldGen       total 40960K, used 4547K [0x77240000, 0x79a40000, 0x9f240000)
  object space 40960K, 11% used [0x77240000,0x776b0e90,0x79a40000)
 PSPermGen       total 16384K, used 8686K [0x6f240000, 0x70240000, 0x77240000)
  object space 16384K, 53% used [0x6f240000,0x6fabba98,0x70240000)
}
Event: 9.436 GC heap before
{Heap before GC invocations=6 (full 0):
 PSYoungGen      total 17920K, used 17911K [0x9f240000, 0xa19c0000, 0xb3240000)
  eden space 15360K, 100% used [0x9f240000,0xa0140000,0xa0140000)
  from space 2560K, 99% used [0xa0140000,0xa03bde18,0xa03c0000)
  to   space 4864K, 0% used [0xa1500000,0xa1500000,0xa19c0000)
 ParOldGen       total 40960K, used 4547K [0x77240000, 0x79a40000, 0x9f240000)
  object space 40960K, 11% used [0x77240000,0x776b0e90,0x79a40000)
 PSPermGen       total 16384K, used 9006K [0x6f240000, 0x70240000, 0x77240000)
  object space 16384K, 54% used [0x6f240000,0x6fb0b808,0x70240000)
Event: 9.446 GC heap after
Heap after GC invocations=6 (full 0):
 PSYoungGen      total 35584K, used 2891K [0x9f240000, 0xa19c0000, 0xb3240000)
  eden space 30720K, 0% used [0x9f240000,0x9f240000,0xa1040000)
  from space 4864K, 59% used [0xa1500000,0xa17d2cc8,0xa19c0000)
  to   space 4864K, 0% used [0xa1040000,0xa1040000,0xa1500000)
 ParOldGen       total 40960K, used 4547K [0x77240000, 0x79a40000, 0x9f240000)
  object space 40960K, 11% used [0x77240000,0x776b0e90,0x79a40000)
 PSPermGen       total 16384K, used 9006K [0x6f240000, 0x70240000, 0x77240000)
  object space 16384K, 54% used [0x6f240000,0x6fb0b808,0x70240000)
}
Event: 12.370 GC heap before
{Heap before GC invocations=7 (full 0):
 PSYoungGen      total 35584K, used 33611K [0x9f240000, 0xa19c0000, 0xb3240000)
  eden space 30720K, 100% used [0x9f240000,0xa1040000,0xa1040000)
  from space 4864K, 59% used [0xa1500000,0xa17d2cc8,0xa19c0000)
  to   space 4864K, 0% used [0xa1040000,0xa1040000,0xa1500000)
 ParOldGen       total 40960K, used 4547K [0x77240000, 0x79a40000, 0x9f240000)
  object space 40960K, 11% used [0x77240000,0x776b0e90,0x79a40000)
 PSPermGen       total 16384K, used 11894K [0x6f240000, 0x70240000, 0x77240000)
  object space 16384K, 72% used [0x6f240000,0x6fddd988,0x70240000)

